# JRE version: OpenJDK Runtime Environment (15.0.2+10) (build 15.0.2+10)
# Java VM: OpenJDK 64-Bit Server VM (15.0.2+10, mixed mode, sharing, tiered, compressed oops, g1 gc, linux-amd64)
GC Precious Log:
 CPUs: 20 total, 20 available
 Memory: 63913M
 Large Page Support: Disabled
 NUMA Support: Disabled
 Compressed Oops: Enabled (Zero based)
 Heap Region Size: 8M
 Heap Min Capacity: 8M
 Heap Initial Capacity: 1000M
 Heap Max Capacity: 15984M
 Pre-touch: Disabled
 Parallel Workers: 15
 Concurrent Workers: 4
 Concurrent Refinement Workers: 15
 Periodic GC: Disabled
Heap:
 garbage-first heap   total 237568K, used 143897K [0x0000000419000000, 0x0000000800000000)
  region size 8192K, 6 young (49152K), 1 survivors (8192K)
 Metaspace       used 57891K, capacity 58294K, committed 59260K, reserved 1101824K
  class space    used 7382K, capacity 7528K, committed 7552K, reserved 1048576K
GC Heap History (20 events):
Event: 1313.106 GC heap before
{Heap before GC invocations=26 (full 0):
 garbage-first heap   total 237568K, used 184808K [0x0000000419000000, 0x0000000800000000)
  region size 8192K, 10 young (81920K), 1 survivors (8192K)
 Metaspace       used 57868K, capacity 58294K, committed 59260K, reserved 1101824K
  class space    used 7380K, capacity 7528K, committed 7552K, reserved 1048576K
}
Event: 1313.111 GC heap after
{Heap after GC invocations=27 (full 0):
 garbage-first heap   total 237568K, used 111062K [0x0000000419000000, 0x0000000800000000)
  region size 8192K, 1 young (8192K), 1 survivors (8192K)
 Metaspace       used 57868K, capacity 58294K, committed 59260K, reserved 1101824K
  class space    used 7380K, capacity 7528K, committed 7552K, reserved 1048576K
}
Event: 1541.033 GC heap before
{Heap before GC invocations=27 (full 0):
 garbage-first heap   total 237568K, used 184790K [0x0000000419000000, 0x0000000800000000)
  region size 8192K, 10 young (81920K), 1 survivors (8192K)
 Metaspace       used 57868K, capacity 58294K, committed 59260K, reserved 1101824K
  class space    used 7380K, capacity 7528K, committed 7552K, reserved 1048576K
}
Event: 1541.037 GC heap after
{Heap after GC invocations=28 (full 0):
 garbage-first heap   total 237568K, used 111105K [0x0000000419000000, 0x0000000800000000)
  region size 8192K, 1 young (8192K), 1 survivors (8192K)
 Metaspace       used 57868K, capacity 58294K, committed 59260K, reserved 1101824K
  class space    used 7380K, capacity 7528K, committed 7552K, reserved 1048576K
}
Event: 1768.865 GC heap before
{Heap before GC invocations=29 (full 0):
 garbage-first heap   total 237568K, used 184833K [0x0000000419000000, 0x0000000800000000)
  region size 8192K, 10 young (81920K), 1 survivors (8192K)
 Metaspace       used 57868K, capacity 58294K, committed 59260K, reserved 1101824K
  class space    used 7380K, capacity 7528K, committed 7552K, reserved 1048576K
}
Event: 1768.869 GC heap after
{Heap after GC invocations=30 (full 0):
 garbage-first heap   total 237568K, used 110927K [0x0000000419000000, 0x0000000800000000)
  region size 8192K, 1 young (8192K), 1 survivors (8192K)
 Metaspace       used 57868K, capacity 58294K, committed 59260K, reserved 1101824K
  class space    used 7380K, capacity 7528K, committed 7552K, reserved 1048576K
}
Event: 1996.477 GC heap before
{Heap before GC invocations=30 (full 0):
 garbage-first heap   total 237568K, used 184655K [0x0000000419000000, 0x0000000800000000)
  region size 8192K, 10 young (81920K), 1 survivors (8192K)
 Metaspace       used 57868K, capacity 58294K, committed 59260K, reserved 1101824K
  class space    used 7380K, capacity 7528K, committed 7552K, reserved 1048576K
}
Event: 1996.482 GC heap after
{Heap after GC invocations=31 (full 0):
 garbage-first heap   total 237568K, used 111119K [0x0000000419000000, 0x0000000800000000)
  region size 8192K, 1 young (8192K), 1 survivors (8192K)
 Metaspace       used 57868K, capacity 58294K, committed 59260K, reserved 1101824K
  class space    used 7380K, capacity 7528K, committed 7552K, reserved 1048576K
}
Event: 2223.836 GC heap before
{Heap before GC invocations=32 (full 0):
 garbage-first heap   total 237568K, used 184847K [0x0000000419000000, 0x0000000800000000)
  region size 8192K, 10 young (81920K), 1 survivors (8192K)
 Metaspace       used 57868K, capacity 58294K, committed 59260K, reserved 1101824K
  class space    used 7380K, capacity 7528K, committed 7552K, reserved 1048576K
}
Event: 2223.841 GC heap after
{Heap after GC invocations=33 (full 0):
 garbage-first heap   total 237568K, used 111123K [0x0000000419000000, 0x0000000800000000)
  region size 8192K, 1 young (8192K), 1 survivors (8192K)
 Metaspace       used 57868K, capacity 58294K, committed 59260K, reserved 1101824K
  class space    used 7380K, capacity 7528K, committed 7552K, reserved 1048576K
}
Event: 2452.653 GC heap before
{Heap before GC invocations=33 (full 0):
 garbage-first heap   total 237568K, used 184851K [0x0000000419000000, 0x0000000800000000)
  region size 8192K, 10 young (81920K), 1 survivors (8192K)
 Metaspace       used 57868K, capacity 58294K, committed 59260K, reserved 1101824K
  class space    used 7380K, capacity 7528K, committed 7552K, reserved 1048576K
}
Event: 2452.657 GC heap after
{Heap after GC invocations=34 (full 0):
 garbage-first heap   total 237568K, used 111056K [0x0000000419000000, 0x0000000800000000)
  region size 8192K, 1 young (8192K), 1 survivors (8192K)
 Metaspace       used 57868K, capacity 58294K, committed 59260K, reserved 1101824K
  class space    used 7380K, capacity 7528K, committed 7552K, reserved 1048576K
}
Event: 3274.791 GC heap before
{Heap before GC invocations=35 (full 0):
 garbage-first heap   total 237568K, used 184784K [0x0000000419000000, 0x0000000800000000)
  region size 8192K, 10 young (81920K), 1 survivors (8192K)
 Metaspace       used 57890K, capacity 58294K, committed 59260K, reserved 1101824K
  class space    used 7382K, capacity 7528K, committed 7552K, reserved 1048576K
}
Event: 3274.795 GC heap after
{Heap after GC invocations=36 (full 0):
 garbage-first heap   total 237568K, used 111085K [0x0000000419000000, 0x0000000800000000)
  region size 8192K, 1 young (8192K), 1 survivors (8192K)
 Metaspace       used 57890K, capacity 58294K, committed 59260K, reserved 1101824K
  class space    used 7382K, capacity 7528K, committed 7552K, reserved 1048576K
}
Event: 3502.148 GC heap before
{Heap before GC invocations=36 (full 0):
 garbage-first heap   total 237568K, used 184813K [0x0000000419000000, 0x0000000800000000)
  region size 8192K, 10 young (81920K), 1 survivors (8192K)
 Metaspace       used 57890K, capacity 58294K, committed 59260K, reserved 1101824K
  class space    used 7382K, capacity 7528K, committed 7552K, reserved 1048576K
}
Event: 3502.151 GC heap after
{Heap after GC invocations=37 (full 0):
 garbage-first heap   total 237568K, used 111141K [0x0000000419000000, 0x0000000800000000)
  region size 8192K, 1 young (8192K), 1 survivors (8192K)
 Metaspace       used 57890K, capacity 58294K, committed 59260K, reserved 1101824K
  class space    used 7382K, capacity 7528K, committed 7552K, reserved 1048576K
}
Event: 3729.633 GC heap before
{Heap before GC invocations=38 (full 0):
 garbage-first heap   total 237568K, used 184869K [0x0000000419000000, 0x0000000800000000)
  region size 8192K, 10 young (81920K), 1 survivors (8192K)
 Metaspace       used 57890K, capacity 58294K, committed 59260K, reserved 1101824K
  class space    used 7382K, capacity 7528K, committed 7552K, reserved 1048576K
}
Event: 3729.636 GC heap after
{Heap after GC invocations=39 (full 0):
 garbage-first heap   total 237568K, used 111109K [0x0000000419000000, 0x0000000800000000)
  region size 8192K, 1 young (8192K), 1 survivors (8192K)
 Metaspace       used 57890K, capacity 58294K, committed 59260K, reserved 1101824K
  class space    used 7382K, capacity 7528K, committed 7552K, reserved 1048576K
}
Event: 3958.511 GC heap before
{Heap before GC invocations=39 (full 0):
 garbage-first heap   total 237568K, used 184837K [0x0000000419000000, 0x0000000800000000)
  region size 8192K, 10 young (81920K), 1 survivors (8192K)
 Metaspace       used 57890K, capacity 58294K, committed 59260K, reserved 1101824K
  class space    used 7382K, capacity 7528K, committed 7552K, reserved 1048576K
}
Event: 3958.515 GC heap after
{Heap after GC invocations=40 (full 0):
 garbage-first heap   total 237568K, used 111129K [0x0000000419000000, 0x0000000800000000)
  region size 8192K, 1 young (8192K), 1 survivors (8192K)
 Metaspace       used 57890K, capacity 58294K, committed 59260K, reserved 1101824K
  class space    used 7382K, capacity 7528K, committed 7552K, reserved 1048576K
}

